Using pre-set license
Built from '2022.3/staging' branch; Version is '2022.3.9f1 (ea401c316338) revision 15351836'; Using compiler version '192829333'; Build Type 'Release'
OS: 'Windows 11  (10.0.22631) 64bit Core' Language: 'es' Physical Memory: 16155 MB
BatchMode: 1, IsHumanControllingUs: 0, StartBugReporterOnCrash: 0, Is64bit: 1, IsPro: 1

COMMAND LINE ARGUMENTS:
C:\Program Files\Unity\Hub\Editor\2022.3.9f1\Editor\Unity.exe
-adb2
-batchMode
-noUpm
-name
AssetImportWorker2
-projectPath
C:/Users/valde/OneDrive/Documentos/UnityProjects/TFG
-logFile
Logs/AssetImportWorker2.log
-srvPort
54014
Successfully changed project path to: C:/Users/valde/OneDrive/Documentos/UnityProjects/TFG
C:/Users/valde/OneDrive/Documentos/UnityProjects/TFG
[UnityMemory] Configuration Parameters - Can be set up in boot.config
    "memorysetup-bucket-allocator-granularity=16"
    "memorysetup-bucket-allocator-bucket-count=8"
    "memorysetup-bucket-allocator-block-size=33554432"
    "memorysetup-bucket-allocator-block-count=8"
    "memorysetup-main-allocator-block-size=16777216"
    "memorysetup-thread-allocator-block-size=16777216"
    "memorysetup-gfx-main-allocator-block-size=16777216"
    "memorysetup-gfx-thread-allocator-block-size=16777216"
    "memorysetup-cache-allocator-block-size=4194304"
    "memorysetup-typetree-allocator-block-size=2097152"
    "memorysetup-profiler-bucket-allocator-granularity=16"
    "memorysetup-profiler-bucket-allocator-bucket-count=8"
    "memorysetup-profiler-bucket-allocator-block-size=33554432"
    "memorysetup-profiler-bucket-allocator-block-count=8"
    "memorysetup-profiler-allocator-block-size=16777216"
    "memorysetup-profiler-editor-allocator-block-size=1048576"
    "memorysetup-temp-allocator-size-main=16777216"
    "memorysetup-job-temp-allocator-block-size=2097152"
    "memorysetup-job-temp-allocator-block-size-background=1048576"
    "memorysetup-job-temp-allocator-reduction-small-platforms=262144"
    "memorysetup-allocator-temp-initial-block-size-main=262144"
    "memorysetup-allocator-temp-initial-block-size-worker=262144"
    "memorysetup-temp-allocator-size-background-worker=32768"
    "memorysetup-temp-allocator-size-job-worker=262144"
    "memorysetup-temp-allocator-size-preload-manager=33554432"
    "memorysetup-temp-allocator-size-nav-mesh-worker=65536"
    "memorysetup-temp-allocator-size-audio-worker=65536"
    "memorysetup-temp-allocator-size-cloud-worker=32768"
    "memorysetup-temp-allocator-size-gi-baking-worker=262144"
    "memorysetup-temp-allocator-size-gfx=262144"
Player connection [13320] Host "[IP] 192.168.56.1 [Port] 0 [Flags] 2 [Guid] 3118290 [EditorId] 3118290 [Version] 1048832 [Id] WindowsEditor(7,LAPTOP-U4KA6PVU) [Debug] 1 [PackageName] WindowsEditor [ProjectName] Editor" joined multi-casting on [225.0.0.222:54997]...

Player connection [13320] Host "[IP] 192.168.56.1 [Port] 0 [Flags] 2 [Guid] 3118290 [EditorId] 3118290 [Version] 1048832 [Id] WindowsEditor(7,LAPTOP-U4KA6PVU) [Debug] 1 [PackageName] WindowsEditor [ProjectName] Editor" joined alternative multi-casting on [225.0.0.222:34997]...

[Physics::Module] Initialized MultithreadedJobDispatcher with 11 workers.
Refreshing native plugins compatible for Editor in 11.63 ms, found 3 plugins.
Preloading 0 native plugins for Editor in 0.00 ms.
Initialize engine version: 2022.3.9f1 (ea401c316338)
[Subsystems] Discovering subsystems at path C:/Program Files/Unity/Hub/Editor/2022.3.9f1/Editor/Data/Resources/UnitySubsystems
[Subsystems] Discovering subsystems at path C:/Users/valde/OneDrive/Documentos/UnityProjects/TFG/Assets
GfxDevice: creating device client; threaded=0; jobified=0
Direct3D:
    Version:  Direct3D 11.0 [level 11.1]
    Renderer: NVIDIA GeForce GTX 1650 Ti (ID=0x1f95)
    Vendor:   NVIDIA
    VRAM:     3935 MB
    Driver:   31.0.15.5186
Initialize mono
Mono path[0] = 'C:/Program Files/Unity/Hub/Editor/2022.3.9f1/Editor/Data/Managed'
Mono path[1] = 'C:/Program Files/Unity/Hub/Editor/2022.3.9f1/Editor/Data/MonoBleedingEdge/lib/mono/unityjit-win32'
Mono config path = 'C:/Program Files/Unity/Hub/Editor/2022.3.9f1/Editor/Data/MonoBleedingEdge/etc'
Using monoOptions --debugger-agent=transport=dt_socket,embedding=1,server=y,suspend=n,address=127.0.0.1:56724
Begin MonoManager ReloadAssembly
Registering precompiled unity dll's ...
Register platform support module: C:/Program Files/Unity/Hub/Editor/2022.3.9f1/Editor/Data/PlaybackEngines/WebGLSupport/UnityEditor.WebGL.Extensions.dll
Register platform support module: C:/Program Files/Unity/Hub/Editor/2022.3.9f1/Editor/Data/PlaybackEngines/WindowsStandaloneSupport/UnityEditor.WindowsStandalone.Extensions.dll
Registered in 0.015433 seconds.
- Loaded All Assemblies, in  0.774 seconds
Native extension for WindowsStandalone target not found
Native extension for WebGL target not found
Mono: successfully reloaded assembly
- Finished resetting the current domain, in  0.500 seconds
Domain Reload Profiling: 1270ms
	BeginReloadAssembly (235ms)
		ExecutionOrderSort (0ms)
		DisableScriptedObjects (0ms)
		BackupInstance (0ms)
		ReleaseScriptingObjects (0ms)
		CreateAndSetChildDomain (1ms)
	RebuildCommonClasses (58ms)
	RebuildNativeTypeToScriptingClass (12ms)
	initialDomainReloadingComplete (112ms)
	LoadAllAssembliesAndSetupDomain (351ms)
		LoadAssemblies (231ms)
		RebuildTransferFunctionScriptingTraits (0ms)
		AnalyzeDomain (347ms)
			TypeCache.Refresh (345ms)
				TypeCache.ScanAssembly (307ms)
			ScanForSourceGeneratedMonoScriptInfo (1ms)
			ResolveRequiredComponents (1ms)
	FinalizeReload (502ms)
		ReleaseScriptCaches (0ms)
		RebuildScriptCaches (0ms)
		SetupLoadedEditorAssemblies (376ms)
			LogAssemblyErrors (0ms)
			InitializePlatformSupportModulesInManaged (19ms)
			SetLoadedEditorAssemblies (9ms)
			RefreshPlugins (0ms)
			BeforeProcessingInitializeOnLoad (3ms)
			ProcessInitializeOnLoadAttributes (251ms)
			ProcessInitializeOnLoadMethodAttributes (95ms)
			AfterProcessingInitializeOnLoad (0ms)
			EditorAssembliesLoaded (0ms)
		ExecutionOrderSort2 (0ms)
		AwakeInstancesAfterBackupRestoration (0ms)
========================================================================
Worker process is ready to serve import requests
Begin MonoManager ReloadAssembly
- Loaded All Assemblies, in  1.126 seconds
Refreshing native plugins compatible for Editor in 4.30 ms, found 3 plugins.
Native extension for WindowsStandalone target not found
Native extension for WebGL target not found
Package Manager log level set to [2]
[Package Manager] Server::EnsureServerProcessIsRunning -- launch failed, reason: Unity was launched with the -noUpm command-line argument
[Package Manager] UpmClient::Send -- Unable to send message (not connected to UPM process).
[Package Manager] Cannot connect to Unity Package Manager local server
Mono: successfully reloaded assembly
- Finished resetting the current domain, in  0.864 seconds
Domain Reload Profiling: 1984ms
	BeginReloadAssembly (248ms)
		ExecutionOrderSort (0ms)
		DisableScriptedObjects (6ms)
		BackupInstance (0ms)
		ReleaseScriptingObjects (0ms)
		CreateAndSetChildDomain (30ms)
	RebuildCommonClasses (46ms)
	RebuildNativeTypeToScriptingClass (18ms)
	initialDomainReloadingComplete (72ms)
	LoadAllAssembliesAndSetupDomain (735ms)
		LoadAssemblies (604ms)
		RebuildTransferFunctionScriptingTraits (0ms)
		AnalyzeDomain (277ms)
			TypeCache.Refresh (253ms)
				TypeCache.ScanAssembly (232ms)
			ScanForSourceGeneratedMonoScriptInfo (17ms)
			ResolveRequiredComponents (5ms)
	FinalizeReload (865ms)
		ReleaseScriptCaches (0ms)
		RebuildScriptCaches (0ms)
		SetupLoadedEditorAssemblies (652ms)
			LogAssemblyErrors (0ms)
			InitializePlatformSupportModulesInManaged (13ms)
			SetLoadedEditorAssemblies (9ms)
			RefreshPlugins (0ms)
			BeforeProcessingInitializeOnLoad (104ms)
			ProcessInitializeOnLoadAttributes (484ms)
			ProcessInitializeOnLoadMethodAttributes (28ms)
			AfterProcessingInitializeOnLoad (14ms)
			EditorAssembliesLoaded (0ms)
		ExecutionOrderSort2 (0ms)
		AwakeInstancesAfterBackupRestoration (8ms)
Launched and connected shader compiler UnityShaderCompiler.exe after 0.07 seconds
Refreshing native plugins compatible for Editor in 5.61 ms, found 3 plugins.
Preloading 0 native plugins for Editor in 0.00 ms.
Unloading 3181 Unused Serialized files (Serialized files now loaded: 0)
Unloading 31 unused Assets / (56.4 KB). Loaded Objects now: 3644.
Memory consumption went from 120.3 MB to 120.2 MB.
Total: 4.669200 ms (FindLiveObjects: 0.397200 ms CreateObjectMapping: 0.427800 ms MarkObjects: 3.685900 ms  DeleteObjects: 0.156800 ms)

AssetImportParameters requested are different than current active one (requested -> active):
  custom:container-demuxer-ogg: 62fdf1f143b41e24485cea50d1cbac27 -> 
  custom:video-codec-MediaFoundation-h265: 746d11721c4dcdbdad8f713fa42b33f4 -> 
  custom:video-decoder-ogg-theora: a1e56fd34408186e4bbccfd4996cb3dc -> 
  custom:framework-win-MediaFoundation: 216162199b28c13a410421893ffa2e32 -> 
  custom:container-demuxer-webm: 4f35f7cbe854078d1ac9338744f61a02 -> 
  custom:container-muxer-webm: aa71ff27fc2769a1b78a27578f13a17b -> 
  custom:video-decoder-webm-vp8: 9c59270c3fd7afecdb556c50c9e8de78 -> 
  custom:AudioImporter_EditorPlatform: d09bf68614088b80899f8185d706f6e7 -> 
  custom:video-encoder-webm-vp8: eb34c28f22e8b96e1ab97ce403110664 -> 
  custom:audio-decoder-ogg-vorbis: bf7c407c2cedff20999df2af8eb42d56 -> 
  custom:audio-encoder-webm-vorbis: bf7c407c2cedff20999df2af8eb42d56 -> 
========================================================================
Received Import Request.
  Time since last request: 774737.035066 seconds.
  path: Assets/FBX/FloorTile_Empty.fbx
  artifactKey: Guid(653373dd594e4be41a41b501761e5f20) Importer(815301076,1909f56bfc062723c751e8b465ee728b)
Start importing Assets/FBX/FloorTile_Empty.fbx using Guid(653373dd594e4be41a41b501761e5f20) Importer(815301076,1909f56bfc062723c751e8b465ee728b)  -> (artifact id: '29d1acaab6b238a421242ea770d57b10') in 0.457816 seconds
Number of updated asset objects reloaded before import = 0
Number of asset objects unloaded after import = 9
========================================================================
Received Import Request.
  Time since last request: 0.000036 seconds.
  path: Assets/FBX/Props_Crate.fbx
  artifactKey: Guid(6a0c0c974b3a2274eb75a9da84b0c40b) Importer(815301076,1909f56bfc062723c751e8b465ee728b)
Start importing Assets/FBX/Props_Crate.fbx using Guid(6a0c0c974b3a2274eb75a9da84b0c40b) Importer(815301076,1909f56bfc062723c751e8b465ee728b)  -> (artifact id: '1728f370d95f3d0d2eaff0c738df306b') in 0.070726 seconds
Number of updated asset objects reloaded before import = 0
Number of asset objects unloaded after import = 12
========================================================================
Received Import Request.
  Time since last request: 0.000022 seconds.
  path: Assets/FBX/FloorTile_InnerCorner.fbx
  artifactKey: Guid(8b6c7292759d12343b3a0f7f74a722cd) Importer(815301076,1909f56bfc062723c751e8b465ee728b)
Start importing Assets/FBX/FloorTile_InnerCorner.fbx using Guid(8b6c7292759d12343b3a0f7f74a722cd) Importer(815301076,1909f56bfc062723c751e8b465ee728b)  -> (artifact id: 'b3216abc908bff99641a55acf4ac2796') in 0.064851 seconds
Number of updated asset objects reloaded before import = 0
Number of asset objects unloaded after import = 12
========================================================================
Received Import Request.
  Time since last request: 0.000022 seconds.
  path: Assets/FBX/Props_ComputerSmall.fbx
  artifactKey: Guid(16915d59a58c24f41a3836968acc9a87) Importer(815301076,1909f56bfc062723c751e8b465ee728b)
Start importing Assets/FBX/Props_ComputerSmall.fbx using Guid(16915d59a58c24f41a3836968acc9a87) Importer(815301076,1909f56bfc062723c751e8b465ee728b)  -> (artifact id: 'f7c6225ac4c352fcae20278a37056668') in 0.065855 seconds
Number of updated asset objects reloaded before import = 0
Number of asset objects unloaded after import = 12
========================================================================
Received Import Request.
  Time since last request: 0.000044 seconds.
  path: Assets/FBX/Props_Capsule.fbx
  artifactKey: Guid(7841b2384d553ff499d9ea281d9ead11) Importer(815301076,1909f56bfc062723c751e8b465ee728b)
Start importing Assets/FBX/Props_Capsule.fbx using Guid(7841b2384d553ff499d9ea281d9ead11) Importer(815301076,1909f56bfc062723c751e8b465ee728b)  -> (artifact id: 'c7b4cbe6ae974bcb652c6c4c7c3c4c02') in 0.075861 seconds
Number of updated asset objects reloaded before import = 0
Number of asset objects unloaded after import = 12
========================================================================
Received Import Request.
  Time since last request: 0.000064 seconds.
  path: Assets/FBX/Props_Chest.fbx
  artifactKey: Guid(7334c5d8335108b43a1533ca1a0130ff) Importer(815301076,1909f56bfc062723c751e8b465ee728b)
Start importing Assets/FBX/Props_Chest.fbx using Guid(7334c5d8335108b43a1533ca1a0130ff) Importer(815301076,1909f56bfc062723c751e8b465ee728b)  -> (artifact id: '0be5c97af073d7cbe4175eb78c4fdf8f') in 0.092406 seconds
Number of updated asset objects reloaded before import = 0
Number of asset objects unloaded after import = 19
========================================================================
Received Import Request.
  Time since last request: 0.000029 seconds.
  path: Assets/FBX/Props_Pod.fbx
  artifactKey: Guid(5ccb9567923e69b4984efdfa5d15c042) Importer(815301076,1909f56bfc062723c751e8b465ee728b)
Start importing Assets/FBX/Props_Pod.fbx using Guid(5ccb9567923e69b4984efdfa5d15c042) Importer(815301076,1909f56bfc062723c751e8b465ee728b)  -> (artifact id: 'f5a6d445bcbef9a17bf87dc8ae490171') in 0.060290 seconds
Number of updated asset objects reloaded before import = 0
Number of asset objects unloaded after import = 12
========================================================================
Received Import Request.
  Time since last request: 0.000024 seconds.
  path: Assets/FBX/Props_Shelf.fbx
  artifactKey: Guid(33708278aea45e34eb19fc02d05fd0fe) Importer(815301076,1909f56bfc062723c751e8b465ee728b)
Start importing Assets/FBX/Props_Shelf.fbx using Guid(33708278aea45e34eb19fc02d05fd0fe) Importer(815301076,1909f56bfc062723c751e8b465ee728b)  -> (artifact id: 'a81b1a704017d1a6f6f528aa68619b6e') in 0.050730 seconds
Number of updated asset objects reloaded before import = 0
Number of asset objects unloaded after import = 10
========================================================================
Received Import Request.
  Time since last request: 0.000027 seconds.
  path: Assets/FBX/Props_ContainerFull.fbx
  artifactKey: Guid(a6ee48213915bc14eb5f58b78fbfd810) Importer(815301076,1909f56bfc062723c751e8b465ee728b)
Start importing Assets/FBX/Props_ContainerFull.fbx using Guid(a6ee48213915bc14eb5f58b78fbfd810) Importer(815301076,1909f56bfc062723c751e8b465ee728b)  -> (artifact id: 'f9712ec7d4195344c4ed9a545ca90005') in 0.057886 seconds
Number of updated asset objects reloaded before import = 0
Number of asset objects unloaded after import = 12
========================================================================
Received Import Request.
  Time since last request: 7.577863 seconds.
  path: Assets/FBX/RoofTile_InnerCorner_Pipes.fbx
  artifactKey: Guid(c7ae4d1e9d592b64185975025cd616d8) Importer(815301076,1909f56bfc062723c751e8b465ee728b)
Start importing Assets/FBX/RoofTile_InnerCorner_Pipes.fbx using Guid(c7ae4d1e9d592b64185975025cd616d8) Importer(815301076,1909f56bfc062723c751e8b465ee728b)  -> (artifact id: 'fb28ec94856d5c328ec6d9117e12dd0a') in 0.052247 seconds
Number of updated asset objects reloaded before import = 0
Number of asset objects unloaded after import = 11
========================================================================
Received Import Request.
  Time since last request: 0.000017 seconds.
  path: Assets/FBX/RoofTile_Plate2.fbx
  artifactKey: Guid(ce6495d21f891ca48b4198c7d8b89379) Importer(815301076,1909f56bfc062723c751e8b465ee728b)
Start importing Assets/FBX/RoofTile_Plate2.fbx using Guid(ce6495d21f891ca48b4198c7d8b89379) Importer(815301076,1909f56bfc062723c751e8b465ee728b)  -> (artifact id: 'c7577f2a71dd61d5881d9cd184e8234a') in 0.047064 seconds
Number of updated asset objects reloaded before import = 0
Number of asset objects unloaded after import = 10
========================================================================
Received Import Request.
  Time since last request: 0.000017 seconds.
  path: Assets/FBX/Staircase.fbx
  artifactKey: Guid(d62dc786899a08e4dba0a37f517228d2) Importer(815301076,1909f56bfc062723c751e8b465ee728b)
Start importing Assets/FBX/Staircase.fbx using Guid(d62dc786899a08e4dba0a37f517228d2) Importer(815301076,1909f56bfc062723c751e8b465ee728b)  -> (artifact id: '06e2cd6f58a28bac961f4748d6be57a9') in 0.046026 seconds
Number of updated asset objects reloaded before import = 0
Number of asset objects unloaded after import = 10
========================================================================
Received Import Request.
  Time since last request: 0.000085 seconds.
  path: Assets/FBX/RoofTile_Vents.fbx
  artifactKey: Guid(ad90332eae00d4e47a10d8cd3e46ac5d) Importer(815301076,1909f56bfc062723c751e8b465ee728b)
Start importing Assets/FBX/RoofTile_Vents.fbx using Guid(ad90332eae00d4e47a10d8cd3e46ac5d) Importer(815301076,1909f56bfc062723c751e8b465ee728b)  -> (artifact id: '9fe2e4a22e04b9cc3a49362f8cea9763') in 0.057724 seconds
Number of updated asset objects reloaded before import = 0
Number of asset objects unloaded after import = 11
========================================================================
Received Import Request.
  Time since last request: 12.722220 seconds.
  path: Assets/FBX/Walls
  artifactKey: Guid(557aa9c1590706943be40ccff5599edb) Importer(815301076,1909f56bfc062723c751e8b465ee728b)
Start importing Assets/FBX/Walls using Guid(557aa9c1590706943be40ccff5599edb) Importer(815301076,1909f56bfc062723c751e8b465ee728b)  -> (artifact id: '48347b3f84207b30504d34aaf979ce34') in 0.001829 seconds
Number of updated asset objects reloaded before import = 0
Number of asset objects unloaded after import = 0
========================================================================
Received Import Request.
  Time since last request: 0.041281 seconds.
  path: Assets/FBX/Walls/DoorDouble_Wall_SideA.fbx
  artifactKey: Guid(1c9dce3ace5e13b45ba50b6836bbb371) Importer(815301076,1909f56bfc062723c751e8b465ee728b)
Start importing Assets/FBX/Walls/DoorDouble_Wall_SideA.fbx using Guid(1c9dce3ace5e13b45ba50b6836bbb371) Importer(815301076,1909f56bfc062723c751e8b465ee728b)  -> (artifact id: '6c0ecf2120ec74c0d44866c94476683a') in 0.086019 seconds
Number of updated asset objects reloaded before import = 0
Number of asset objects unloaded after import = 11
========================================================================
Received Import Request.
  Time since last request: 0.000044 seconds.
  path: Assets/FBX/Walls/Wall_2.fbx
  artifactKey: Guid(2544d4ba595a75d4db675e009036f2bc) Importer(815301076,1909f56bfc062723c751e8b465ee728b)
Start importing Assets/FBX/Walls/Wall_2.fbx using Guid(2544d4ba595a75d4db675e009036f2bc) Importer(815301076,1909f56bfc062723c751e8b465ee728b)  -> (artifact id: 'a97864f41657bc491a1b31fe78bcbb19') in 0.086491 seconds
Number of updated asset objects reloaded before import = 0
Number of asset objects unloaded after import = 13
========================================================================
Received Import Request.
  Time since last request: 0.000070 seconds.
  path: Assets/FBX/Walls/Wall_5.fbx
  artifactKey: Guid(89538811b74f4554f9db1a3d2dc8472d) Importer(815301076,1909f56bfc062723c751e8b465ee728b)
Start importing Assets/FBX/Walls/Wall_5.fbx using Guid(89538811b74f4554f9db1a3d2dc8472d) Importer(815301076,1909f56bfc062723c751e8b465ee728b)  -> (artifact id: 'fdc7a040a5c0d4ad10c8ca1a36088988') in 0.102083 seconds
Number of updated asset objects reloaded before import = 0
Number of asset objects unloaded after import = 13
========================================================================
Received Import Request.
  Time since last request: 0.000016 seconds.
  path: Assets/FBX/Walls/LongWindow_Wall_SideB.fbx
  artifactKey: Guid(b436f5f4256881a4c83182ba10084361) Importer(815301076,1909f56bfc062723c751e8b465ee728b)
Start importing Assets/FBX/Walls/LongWindow_Wall_SideB.fbx using Guid(b436f5f4256881a4c83182ba10084361) Importer(815301076,1909f56bfc062723c751e8b465ee728b)  -> (artifact id: '783540a925dda4e2cee3ebff6a579758') in 0.055246 seconds
Number of updated asset objects reloaded before import = 0
Number of asset objects unloaded after import = 12
========================================================================
Received Import Request.
  Time since last request: 0.000037 seconds.
  path: Assets/FBX/Walls/DoorSingleLong_Wall_SideA.fbx
  artifactKey: Guid(fe247664ff795a84ba9b92136e182899) Importer(815301076,1909f56bfc062723c751e8b465ee728b)
Start importing Assets/FBX/Walls/DoorSingleLong_Wall_SideA.fbx using Guid(fe247664ff795a84ba9b92136e182899) Importer(815301076,1909f56bfc062723c751e8b465ee728b)  -> (artifact id: 'abc03c9bc8451b2edbccbeaea1bc3eba') in 0.059208 seconds
Number of updated asset objects reloaded before import = 0
Number of asset objects unloaded after import = 11
========================================================================
Received Import Request.
  Time since last request: 0.000071 seconds.
  path: Assets/FBX/Walls/Wall_3.fbx
  artifactKey: Guid(9bf7752b76a5fc14b8d0a4f70d52ac95) Importer(815301076,1909f56bfc062723c751e8b465ee728b)
Start importing Assets/FBX/Walls/Wall_3.fbx using Guid(9bf7752b76a5fc14b8d0a4f70d52ac95) Importer(815301076,1909f56bfc062723c751e8b465ee728b)  -> (artifact id: 'a52c6f0f09abadd653647c8a55ea087d') in 0.085950 seconds
Number of updated asset objects reloaded before import = 0
Number of asset objects unloaded after import = 13
Editor requested this worker to shutdown with reason: Scaling down because of idle timeout
TcpMessagingSession - receive error: operation aborted. errorcode: 995, details: La operación de E/S se anuló por una salida de subproceso o por una solicitud de aplicación.
AssetImportWorker is now disconnected from the server
Process exiting
Exiting without the bug reporter. Application will terminate with return code 0